<?xml version="1.0" encoding="UTF-8"?>
<!-- Generated by org.testng.reporters.JUnitReportReporter -->
<testsuite hostname="Cra3ycontra" failures="0" tests="5" name="com.jqueryUi.runner.TestRunner" time="43.903" errors="4" timestamp="2021-07-05T20:22:25 EDT" skipped="0">
  <testcase classname="com.jqueryUi.runner.TestRunner" name="runScenario" time="6.397">
    <error message="move target out of bounds
  (Session info: chrome=91.0.4472.124)
Build info: version: &#039;4.0.0-beta-4&#039;, revision: &#039;29f46d02dd&#039;
System info: host: &#039;CRA3YCONTRA&#039;, ip: &#039;192.168.1.127&#039;, os.name: &#039;Windows 10&#039;, os.arch: &#039;amd64&#039;, os.version: &#039;10.0&#039;, java.version: &#039;9.0.4&#039;
Driver info: org.openqa.selenium.chrome.ChromeDriver
Command: [001251d5c267943984db8ff936bafda2, actions {actions=[org.openqa.selenium.interactions.Sequence@6a950a3b]}]
Capabilities {acceptInsecureCerts: false, browserName: chrome, browserVersion: 91.0.4472.124, chrome: {chromedriverVersion: 91.0.4472.101 (af52a90bf870..., userDataDir: C:\WINDOWS\TEMP\scoped_dir4...}, goog:chromeOptions: {debuggerAddress: localhost:60721}, javascriptEnabled: true, networkConnectionEnabled: false, pageLoadStrategy: normal, platform: WINDOWS, platformName: WINDOWS, proxy: Proxy(), se:cdp: ws://localhost:60721/devtoo..., se:cdpVersion: 91.0.4472.124, setWindowRect: true, strictFileInteractability: false, timeouts: {implicit: 0, pageLoad: 300000, script: 30000}, unhandledPromptBehavior: dismiss and notify, webauthn:extension:largeBlob: true, webauthn:virtualAuthenticators: true}
Session ID: 001251d5c267943984db8ff936bafda2" type="org.openqa.selenium.interactions.MoveTargetOutOfBoundsException">
      <![CDATA[org.openqa.selenium.interactions.MoveTargetOutOfBoundsException: move target out of bounds
  (Session info: chrome=91.0.4472.124)
Build info: version: '4.0.0-beta-4', revision: '29f46d02dd'
System info: host: 'CRA3YCONTRA', ip: '192.168.1.127', os.name: 'Windows 10', os.arch: 'amd64', os.version: '10.0', java.version: '9.0.4'
Driver info: org.openqa.selenium.chrome.ChromeDriver
Command: [001251d5c267943984db8ff936bafda2, actions {actions=[org.openqa.selenium.interactions.Sequence@6a950a3b]}]
Capabilities {acceptInsecureCerts: false, browserName: chrome, browserVersion: 91.0.4472.124, chrome: {chromedriverVersion: 91.0.4472.101 (af52a90bf870..., userDataDir: C:\WINDOWS\TEMP\scoped_dir4...}, goog:chromeOptions: {debuggerAddress: localhost:60721}, javascriptEnabled: true, networkConnectionEnabled: false, pageLoadStrategy: normal, platform: WINDOWS, platformName: WINDOWS, proxy: Proxy(), se:cdp: ws://localhost:60721/devtoo..., se:cdpVersion: 91.0.4472.124, setWindowRect: true, strictFileInteractability: false, timeouts: {implicit: 0, pageLoad: 300000, script: 30000}, unhandledPromptBehavior: dismiss and notify, webauthn:extension:largeBlob: true, webauthn:virtualAuthenticators: true}
Session ID: 001251d5c267943984db8ff936bafda2
at java.base/jdk.internal.reflect.NativeConstructorAccessorImpl.newInstance0(Native Method)
at java.base/jdk.internal.reflect.NativeConstructorAccessorImpl.newInstance(NativeConstructorAccessorImpl.java:62)
at java.base/jdk.internal.reflect.DelegatingConstructorAccessorImpl.newInstance(DelegatingConstructorAccessorImpl.java:45)
at java.base/java.lang.reflect.Constructor.newInstance(Constructor.java:488)
at org.openqa.selenium.remote.codec.w3c.W3CHttpResponseCodec.createException(W3CHttpResponseCodec.java:200)
at org.openqa.selenium.remote.codec.w3c.W3CHttpResponseCodec.decode(W3CHttpResponseCodec.java:133)
at org.openqa.selenium.remote.codec.w3c.W3CHttpResponseCodec.decode(W3CHttpResponseCodec.java:53)
at org.openqa.selenium.remote.HttpCommandExecutor.execute(HttpCommandExecutor.java:184)
at org.openqa.selenium.remote.service.DriverCommandExecutor.invokeExecute(DriverCommandExecutor.java:162)
at org.openqa.selenium.remote.service.DriverCommandExecutor.execute(DriverCommandExecutor.java:137)
at org.openqa.selenium.remote.RemoteWebDriver.execute(RemoteWebDriver.java:612)
at org.openqa.selenium.remote.RemoteWebDriver.perform(RemoteWebDriver.java:680)
at org.openqa.selenium.interactions.Actions$BuiltAction.perform(Actions.java:617)
at com.jqueryUi.pages.MainPage.droppable_box_move(MainPage.java:64)
at com.jqueryUi.step_definitions.Interactions_Steps.user_click_on_drag_box_and_drags_it_to_target(Interactions_Steps.java:28)
at ✽.user click on Drag box and drags it to target(file:///E:/QAMainFolder/All%20Projects%20Main%20folder/Cyram_LocalRepo/FINAL/Final_Jenkins_JqueryUi_Project/src/test/resources/features/interactions_feature/Interactions.feature:14)
]]>
    </error>
  </testcase> <!-- runScenario -->
  <system-out/>
  <testcase classname="com.jqueryUi.runner.TestRunner" name="runScenario" time="17.394"/>
  <system-out/>
  <testcase classname="com.jqueryUi.runner.TestRunner" name="runScenario" time="5.610">
    <error message="move target out of bounds
  (Session info: chrome=91.0.4472.124)
Build info: version: &#039;4.0.0-beta-4&#039;, revision: &#039;29f46d02dd&#039;
System info: host: &#039;CRA3YCONTRA&#039;, ip: &#039;192.168.1.127&#039;, os.name: &#039;Windows 10&#039;, os.arch: &#039;amd64&#039;, os.version: &#039;10.0&#039;, java.version: &#039;9.0.4&#039;
Driver info: org.openqa.selenium.chrome.ChromeDriver
Command: [cba397841c31bf3496b1d308d84e2287, actions {actions=[org.openqa.selenium.interactions.Sequence@2f4d32bf]}]
Capabilities {acceptInsecureCerts: false, browserName: chrome, browserVersion: 91.0.4472.124, chrome: {chromedriverVersion: 91.0.4472.101 (af52a90bf870..., userDataDir: C:\WINDOWS\TEMP\scoped_dir1...}, goog:chromeOptions: {debuggerAddress: localhost:64680}, javascriptEnabled: true, networkConnectionEnabled: false, pageLoadStrategy: normal, platform: WINDOWS, platformName: WINDOWS, proxy: Proxy(), se:cdp: ws://localhost:64680/devtoo..., se:cdpVersion: 91.0.4472.124, setWindowRect: true, strictFileInteractability: false, timeouts: {implicit: 0, pageLoad: 300000, script: 30000}, unhandledPromptBehavior: dismiss and notify, webauthn:extension:largeBlob: true, webauthn:virtualAuthenticators: true}
Session ID: cba397841c31bf3496b1d308d84e2287" type="org.openqa.selenium.interactions.MoveTargetOutOfBoundsException">
      <![CDATA[org.openqa.selenium.interactions.MoveTargetOutOfBoundsException: move target out of bounds
  (Session info: chrome=91.0.4472.124)
Build info: version: '4.0.0-beta-4', revision: '29f46d02dd'
System info: host: 'CRA3YCONTRA', ip: '192.168.1.127', os.name: 'Windows 10', os.arch: 'amd64', os.version: '10.0', java.version: '9.0.4'
Driver info: org.openqa.selenium.chrome.ChromeDriver
Command: [cba397841c31bf3496b1d308d84e2287, actions {actions=[org.openqa.selenium.interactions.Sequence@2f4d32bf]}]
Capabilities {acceptInsecureCerts: false, browserName: chrome, browserVersion: 91.0.4472.124, chrome: {chromedriverVersion: 91.0.4472.101 (af52a90bf870..., userDataDir: C:\WINDOWS\TEMP\scoped_dir1...}, goog:chromeOptions: {debuggerAddress: localhost:64680}, javascriptEnabled: true, networkConnectionEnabled: false, pageLoadStrategy: normal, platform: WINDOWS, platformName: WINDOWS, proxy: Proxy(), se:cdp: ws://localhost:64680/devtoo..., se:cdpVersion: 91.0.4472.124, setWindowRect: true, strictFileInteractability: false, timeouts: {implicit: 0, pageLoad: 300000, script: 30000}, unhandledPromptBehavior: dismiss and notify, webauthn:extension:largeBlob: true, webauthn:virtualAuthenticators: true}
Session ID: cba397841c31bf3496b1d308d84e2287
at java.base/jdk.internal.reflect.NativeConstructorAccessorImpl.newInstance0(Native Method)
at java.base/jdk.internal.reflect.NativeConstructorAccessorImpl.newInstance(NativeConstructorAccessorImpl.java:62)
at java.base/jdk.internal.reflect.DelegatingConstructorAccessorImpl.newInstance(DelegatingConstructorAccessorImpl.java:45)
at java.base/java.lang.reflect.Constructor.newInstance(Constructor.java:488)
at org.openqa.selenium.remote.codec.w3c.W3CHttpResponseCodec.createException(W3CHttpResponseCodec.java:200)
at org.openqa.selenium.remote.codec.w3c.W3CHttpResponseCodec.decode(W3CHttpResponseCodec.java:133)
at org.openqa.selenium.remote.codec.w3c.W3CHttpResponseCodec.decode(W3CHttpResponseCodec.java:53)
at org.openqa.selenium.remote.HttpCommandExecutor.execute(HttpCommandExecutor.java:184)
at org.openqa.selenium.remote.service.DriverCommandExecutor.invokeExecute(DriverCommandExecutor.java:162)
at org.openqa.selenium.remote.service.DriverCommandExecutor.execute(DriverCommandExecutor.java:137)
at org.openqa.selenium.remote.RemoteWebDriver.execute(RemoteWebDriver.java:612)
at org.openqa.selenium.remote.RemoteWebDriver.perform(RemoteWebDriver.java:680)
at org.openqa.selenium.interactions.Actions$BuiltAction.perform(Actions.java:617)
at com.jqueryUi.pages.MainPage.selectOneSortable_Item(MainPage.java:103)
at com.jqueryUi.step_definitions.Interactions_Steps.user_clicks_on_sortable_element_and_moves_it_down(Interactions_Steps.java:66)
at ✽.user clicks on Sortable element and moves it down(file:///E:/QAMainFolder/All%20Projects%20Main%20folder/Cyram_LocalRepo/FINAL/Final_Jenkins_JqueryUi_Project/src/test/resources/features/interactions_feature/Interactions.feature:30)
]]>
    </error>
  </testcase> <!-- runScenario -->
  <system-out/>
  <testcase classname="com.jqueryUi.runner.TestRunner" name="runScenario" time="8.932">
    <error message="move target out of bounds
  (Session info: chrome=91.0.4472.124)
Build info: version: &#039;4.0.0-beta-4&#039;, revision: &#039;29f46d02dd&#039;
System info: host: &#039;CRA3YCONTRA&#039;, ip: &#039;192.168.1.127&#039;, os.name: &#039;Windows 10&#039;, os.arch: &#039;amd64&#039;, os.version: &#039;10.0&#039;, java.version: &#039;9.0.4&#039;
Driver info: org.openqa.selenium.chrome.ChromeDriver
Command: [4de98d1a32cc3610900bd9c74ed0d703, actions {actions=[org.openqa.selenium.interactions.Sequence@2b08772d]}]
Capabilities {acceptInsecureCerts: false, browserName: chrome, browserVersion: 91.0.4472.124, chrome: {chromedriverVersion: 91.0.4472.101 (af52a90bf870..., userDataDir: C:\WINDOWS\TEMP\scoped_dir8...}, goog:chromeOptions: {debuggerAddress: localhost:50210}, javascriptEnabled: true, networkConnectionEnabled: false, pageLoadStrategy: normal, platform: WINDOWS, platformName: WINDOWS, proxy: Proxy(), se:cdp: ws://localhost:50210/devtoo..., se:cdpVersion: 91.0.4472.124, setWindowRect: true, strictFileInteractability: false, timeouts: {implicit: 0, pageLoad: 300000, script: 30000}, unhandledPromptBehavior: dismiss and notify, webauthn:extension:largeBlob: true, webauthn:virtualAuthenticators: true}
Session ID: 4de98d1a32cc3610900bd9c74ed0d703" type="org.openqa.selenium.interactions.MoveTargetOutOfBoundsException">
      <![CDATA[org.openqa.selenium.interactions.MoveTargetOutOfBoundsException: move target out of bounds
  (Session info: chrome=91.0.4472.124)
Build info: version: '4.0.0-beta-4', revision: '29f46d02dd'
System info: host: 'CRA3YCONTRA', ip: '192.168.1.127', os.name: 'Windows 10', os.arch: 'amd64', os.version: '10.0', java.version: '9.0.4'
Driver info: org.openqa.selenium.chrome.ChromeDriver
Command: [4de98d1a32cc3610900bd9c74ed0d703, actions {actions=[org.openqa.selenium.interactions.Sequence@2b08772d]}]
Capabilities {acceptInsecureCerts: false, browserName: chrome, browserVersion: 91.0.4472.124, chrome: {chromedriverVersion: 91.0.4472.101 (af52a90bf870..., userDataDir: C:\WINDOWS\TEMP\scoped_dir8...}, goog:chromeOptions: {debuggerAddress: localhost:50210}, javascriptEnabled: true, networkConnectionEnabled: false, pageLoadStrategy: normal, platform: WINDOWS, platformName: WINDOWS, proxy: Proxy(), se:cdp: ws://localhost:50210/devtoo..., se:cdpVersion: 91.0.4472.124, setWindowRect: true, strictFileInteractability: false, timeouts: {implicit: 0, pageLoad: 300000, script: 30000}, unhandledPromptBehavior: dismiss and notify, webauthn:extension:largeBlob: true, webauthn:virtualAuthenticators: true}
Session ID: 4de98d1a32cc3610900bd9c74ed0d703
at java.base/jdk.internal.reflect.NativeConstructorAccessorImpl.newInstance0(Native Method)
at java.base/jdk.internal.reflect.NativeConstructorAccessorImpl.newInstance(NativeConstructorAccessorImpl.java:62)
at java.base/jdk.internal.reflect.DelegatingConstructorAccessorImpl.newInstance(DelegatingConstructorAccessorImpl.java:45)
at java.base/java.lang.reflect.Constructor.newInstance(Constructor.java:488)
at org.openqa.selenium.remote.codec.w3c.W3CHttpResponseCodec.createException(W3CHttpResponseCodec.java:200)
at org.openqa.selenium.remote.codec.w3c.W3CHttpResponseCodec.decode(W3CHttpResponseCodec.java:133)
at org.openqa.selenium.remote.codec.w3c.W3CHttpResponseCodec.decode(W3CHttpResponseCodec.java:53)
at org.openqa.selenium.remote.HttpCommandExecutor.execute(HttpCommandExecutor.java:184)
at org.openqa.selenium.remote.service.DriverCommandExecutor.invokeExecute(DriverCommandExecutor.java:162)
at org.openqa.selenium.remote.service.DriverCommandExecutor.execute(DriverCommandExecutor.java:137)
at org.openqa.selenium.remote.RemoteWebDriver.execute(RemoteWebDriver.java:612)
at org.openqa.selenium.remote.RemoteWebDriver.perform(RemoteWebDriver.java:680)
at org.openqa.selenium.interactions.Actions$BuiltAction.perform(Actions.java:617)
at com.jqueryUi.pages.MainPage.draggable_box_move(MainPage.java:55)
at com.jqueryUi.step_definitions.Interactions_Steps.user_click_on_drag_me_around_box_and_drag_it_around(Interactions_Steps.java:18)
at ✽.user click on Drag me around box and drag it around(file:///E:/QAMainFolder/All%20Projects%20Main%20folder/Cyram_LocalRepo/FINAL/Final_Jenkins_JqueryUi_Project/src/test/resources/features/interactions_feature/Interactions.feature:8)
]]>
    </error>
  </testcase> <!-- runScenario -->
  <system-out/>
  <testcase classname="com.jqueryUi.runner.TestRunner" name="runScenario" time="5.570">
    <error message="move target out of bounds
  (Session info: chrome=91.0.4472.124)
Build info: version: &#039;4.0.0-beta-4&#039;, revision: &#039;29f46d02dd&#039;
System info: host: &#039;CRA3YCONTRA&#039;, ip: &#039;192.168.1.127&#039;, os.name: &#039;Windows 10&#039;, os.arch: &#039;amd64&#039;, os.version: &#039;10.0&#039;, java.version: &#039;9.0.4&#039;
Driver info: org.openqa.selenium.chrome.ChromeDriver
Command: [b49370e95f76ce79f1f9ea4a332cbfb0, actions {actions=[org.openqa.selenium.interactions.Sequence@2d28fb02]}]
Capabilities {acceptInsecureCerts: false, browserName: chrome, browserVersion: 91.0.4472.124, chrome: {chromedriverVersion: 91.0.4472.101 (af52a90bf870..., userDataDir: C:\WINDOWS\TEMP\scoped_dir1...}, goog:chromeOptions: {debuggerAddress: localhost:49663}, javascriptEnabled: true, networkConnectionEnabled: false, pageLoadStrategy: normal, platform: WINDOWS, platformName: WINDOWS, proxy: Proxy(), se:cdp: ws://localhost:49663/devtoo..., se:cdpVersion: 91.0.4472.124, setWindowRect: true, strictFileInteractability: false, timeouts: {implicit: 0, pageLoad: 300000, script: 30000}, unhandledPromptBehavior: dismiss and notify, webauthn:extension:largeBlob: true, webauthn:virtualAuthenticators: true}
Session ID: b49370e95f76ce79f1f9ea4a332cbfb0" type="org.openqa.selenium.interactions.MoveTargetOutOfBoundsException">
      <![CDATA[org.openqa.selenium.interactions.MoveTargetOutOfBoundsException: move target out of bounds
  (Session info: chrome=91.0.4472.124)
Build info: version: '4.0.0-beta-4', revision: '29f46d02dd'
System info: host: 'CRA3YCONTRA', ip: '192.168.1.127', os.name: 'Windows 10', os.arch: 'amd64', os.version: '10.0', java.version: '9.0.4'
Driver info: org.openqa.selenium.chrome.ChromeDriver
Command: [b49370e95f76ce79f1f9ea4a332cbfb0, actions {actions=[org.openqa.selenium.interactions.Sequence@2d28fb02]}]
Capabilities {acceptInsecureCerts: false, browserName: chrome, browserVersion: 91.0.4472.124, chrome: {chromedriverVersion: 91.0.4472.101 (af52a90bf870..., userDataDir: C:\WINDOWS\TEMP\scoped_dir1...}, goog:chromeOptions: {debuggerAddress: localhost:49663}, javascriptEnabled: true, networkConnectionEnabled: false, pageLoadStrategy: normal, platform: WINDOWS, platformName: WINDOWS, proxy: Proxy(), se:cdp: ws://localhost:49663/devtoo..., se:cdpVersion: 91.0.4472.124, setWindowRect: true, strictFileInteractability: false, timeouts: {implicit: 0, pageLoad: 300000, script: 30000}, unhandledPromptBehavior: dismiss and notify, webauthn:extension:largeBlob: true, webauthn:virtualAuthenticators: true}
Session ID: b49370e95f76ce79f1f9ea4a332cbfb0
at java.base/jdk.internal.reflect.NativeConstructorAccessorImpl.newInstance0(Native Method)
at java.base/jdk.internal.reflect.NativeConstructorAccessorImpl.newInstance(NativeConstructorAccessorImpl.java:62)
at java.base/jdk.internal.reflect.DelegatingConstructorAccessorImpl.newInstance(DelegatingConstructorAccessorImpl.java:45)
at java.base/java.lang.reflect.Constructor.newInstance(Constructor.java:488)
at org.openqa.selenium.remote.codec.w3c.W3CHttpResponseCodec.createException(W3CHttpResponseCodec.java:200)
at org.openqa.selenium.remote.codec.w3c.W3CHttpResponseCodec.decode(W3CHttpResponseCodec.java:133)
at org.openqa.selenium.remote.codec.w3c.W3CHttpResponseCodec.decode(W3CHttpResponseCodec.java:53)
at org.openqa.selenium.remote.HttpCommandExecutor.execute(HttpCommandExecutor.java:184)
at org.openqa.selenium.remote.service.DriverCommandExecutor.invokeExecute(DriverCommandExecutor.java:162)
at org.openqa.selenium.remote.service.DriverCommandExecutor.execute(DriverCommandExecutor.java:137)
at org.openqa.selenium.remote.RemoteWebDriver.execute(RemoteWebDriver.java:612)
at org.openqa.selenium.remote.RemoteWebDriver.perform(RemoteWebDriver.java:680)
at org.openqa.selenium.interactions.Actions$BuiltAction.perform(Actions.java:617)
at com.jqueryUi.pages.MainPage.resizable_box_move(MainPage.java:73)
at com.jqueryUi.step_definitions.Interactions_Steps.user_clicks_on_resizable_icon_and_try_to_adjust_i_by_making_it_smaller_or_bigger(Interactions_Steps.java:39)
at ✽.user clicks on Resizable icon and try to adjust i by making it smaller or bigger(file:///E:/QAMainFolder/All%20Projects%20Main%20folder/Cyram_LocalRepo/FINAL/Final_Jenkins_JqueryUi_Project/src/test/resources/features/interactions_feature/Interactions.feature:19)
]]>
    </error>
  </testcase> <!-- runScenario -->
  <system-out/>
</testsuite> <!-- com.jqueryUi.runner.TestRunner -->
