<?xml version="1.0" encoding="UTF-8"?>
<!-- Generated by org.testng.reporters.JUnitReportReporter -->
<testsuite skipped="0" hostname="Cra3ycontra" name="com.jqueryUi.runner.TestRunner" tests="1" failures="0" timestamp="2021-07-03T16:38:32 EDT" time="10.699" errors="0">
  <testcase name="runScenario" time="10.699" classname="com.jqueryUi.runner.TestRunner"/>
  <system-out/>
</testsuite> <!-- com.jqueryUi.runner.TestRunner -->
