<?xml version="1.0" encoding="UTF-8"?>
<!-- Generated by org.testng.reporters.JUnitReportReporter -->
<testsuite hostname="Cra3ycontra" failures="0" tests="2" name="com.jqueryUi.runner.TestRunner" time="12.284" errors="0" timestamp="2021-07-05T14:43:59 EDT" skipped="0">
  <testcase classname="com.jqueryUi.runner.TestRunner" name="runScenario" time="6.926"/>
  <system-out/>
  <testcase classname="com.jqueryUi.runner.TestRunner" name="runScenario" time="5.358"/>
  <system-out/>
</testsuite> <!-- com.jqueryUi.runner.TestRunner -->
